\BOOKMARK [1][-]{section.1}{\376\377\000I\000n\000t\000r\000o\000d\000u\000c\000t\000i\000o\000n}{}% 1
\BOOKMARK [1][-]{section.2}{\376\377\000R\000e\000l\000a\000t\000e\000d\000\040\000W\000o\000r\000k}{}% 2
\BOOKMARK [1][-]{section.3}{\376\377\000M\000e\000t\000h\000o\000d\000s}{}% 3
\BOOKMARK [2][-]{subsection.3.1}{\376\377\000T\000a\000s\000k\000:\000\040\000I\000n\000t\000e\000r\000t\000e\000m\000p\000o\000r\000a\000l\000\040\000C\000h\000o\000i\000c\000e\000\040\000F\000r\000a\000m\000e\000w\000o\000r\000k}{section.3}% 4
\BOOKMARK [2][-]{subsection.3.2}{\376\377\000P\000a\000r\000a\000l\000l\000e\000l\000\040\000M\000e\000t\000h\000o\000d\000:\000\040\000O\000p\000e\000n\000-\000F\000o\000r\000m\000\040\000C\000A\000A}{section.3}% 5
\BOOKMARK [2][-]{subsection.3.3}{\376\377\000A\000c\000t\000i\000v\000a\000t\000i\000o\000n\000\040\000P\000a\000t\000c\000h\000i\000n\000g}{section.3}% 6
\BOOKMARK [2][-]{subsection.3.4}{\376\377\000G\000e\000o\000m\000e\000t\000r\000i\000c\000\040\000A\000n\000a\000l\000y\000s\000i\000s}{section.3}% 7
\BOOKMARK [1][-]{section.4}{\376\377\000R\000e\000s\000u\000l\000t\000s}{}% 8
\BOOKMARK [2][-]{subsection.4.1}{\376\377\000B\000e\000h\000a\000v\000i\000o\000r\000a\000l\000\040\000P\000r\000o\000f\000i\000l\000e}{section.4}% 9
\BOOKMARK [2][-]{subsection.4.2}{\376\377\000T\000h\000e\000\040\000R\000e\000a\000d\000-\000R\000e\000f\000i\000n\000e\000-\000D\000e\000c\000i\000d\000e\000\040\000C\000i\000r\000c\000u\000i\000t}{section.4}% 10
\BOOKMARK [2][-]{subsection.4.3}{\376\377\000C\000r\000o\000s\000s\000-\000M\000e\000t\000h\000o\000d\000\040\000C\000o\000n\000v\000e\000r\000g\000e\000n\000c\000e}{section.4}% 11
\BOOKMARK [2][-]{subsection.4.4}{\376\377\000G\000e\000o\000m\000e\000t\000r\000y\000\040\000o\000f\000\040\000T\000e\000m\000p\000o\000r\000a\000l\000\040\000E\000n\000c\000o\000d\000i\000n\000g}{section.4}% 12
\BOOKMARK [3][-]{subsubsection.4.4.1}{\376\377\000M\000u\000l\000t\000i\000-\000D\000i\000m\000e\000n\000s\000i\000o\000n\000a\000l\000\040\000T\000e\000m\000p\000o\000r\000a\000l\000\040\000E\000n\000c\000o\000d\000i\000n\000g}{subsection.4.4}% 13
\BOOKMARK [3][-]{subsubsection.4.4.2}{\376\377\000A\000t\000t\000e\000n\000t\000i\000o\000n\000\040\000i\000s\000\040\0002\000D\000,\000\040\000R\000e\000s\000i\000d\000u\000a\000l\000\040\000S\000t\000r\000e\000a\000m\000\040\000i\000s\000\040\0001\000D}{subsection.4.4}% 14
\BOOKMARK [3][-]{subsubsection.4.4.3}{\376\377\000T\000h\000e\000\040\000L\0002\0004\000\040\000C\000r\000y\000s\000t\000a\000l\000l\000i\000z\000a\000t\000i\000o\000n}{subsection.4.4}% 15
\BOOKMARK [3][-]{subsubsection.4.4.4}{\376\377\000L\000i\000n\000e\000a\000r\000\040\000P\000r\000o\000b\000e\000s}{subsection.4.4}% 16
\BOOKMARK [3][-]{subsubsection.4.4.5}{\376\377\000D\000i\000r\000e\000c\000t\000i\000o\000n\000\040\000S\000t\000a\000b\000i\000l\000i\000t\000y\000\040\000a\000n\000d\000\040\000R\000o\000t\000a\000t\000i\000o\000n}{subsection.4.4}% 17
\BOOKMARK [2][-]{subsection.4.5}{\376\377\000D\000e\000f\000a\000u\000l\000t\000\040\000P\000r\000e\000f\000e\000r\000e\000n\000c\000e\000\040\000a\000n\000d\000\040\000C\000o\000m\000p\000e\000t\000i\000n\000g\000\040\000C\000i\000r\000c\000u\000i\000t\000s}{section.4}% 18
\BOOKMARK [3][-]{subsubsection.4.5.1}{\376\377\000T\000h\000e\000\040\000D\000e\000f\000a\000u\000l\000t}{subsection.4.5}% 19
\BOOKMARK [3][-]{subsubsection.4.5.2}{\376\377\000C\000o\000m\000p\000e\000t\000i\000n\000g\000\040\000C\000i\000r\000c\000u\000i\000t\000s\000\040\000a\000t\000\040\000L\0001\0009}{subsection.4.5}% 20
\BOOKMARK [1][-]{section.5}{\376\377\000D\000i\000s\000c\000u\000s\000s\000i\000o\000n}{}% 21
\BOOKMARK [1][-]{section.6}{\376\377\000F\000u\000t\000u\000r\000e\000\040\000W\000o\000r\000k}{}% 22
\BOOKMARK [1][-]{appendix.A}{\376\377\000E\000x\000t\000e\000n\000d\000e\000d\000\040\000C\000i\000r\000c\000u\000i\000t\000\040\000A\000n\000a\000l\000y\000s\000i\000s}{}% 23
\BOOKMARK [2][-]{subsection.A.1}{\376\377\000R\000e\000d\000u\000n\000d\000a\000n\000c\000y\000\040\000A\000r\000c\000h\000i\000t\000e\000c\000t\000u\000r\000e}{appendix.A}% 24
\BOOKMARK [2][-]{subsection.A.2}{\376\377\000M\000e\000t\000h\000o\000d\000o\000l\000o\000g\000i\000c\000a\000l\000\040\000N\000o\000t\000e\000:\000\040\000N\000o\000i\000s\000i\000n\000g\000\040\000v\000s\000\040\000D\000e\000n\000o\000i\000s\000i\000n\000g}{appendix.A}% 25
\BOOKMARK [1][-]{appendix.B}{\376\377\000B\000e\000h\000a\000v\000i\000o\000r\000a\000l\000\040\000E\000c\000o\000n\000o\000m\000i\000c\000s\000\040\000C\000o\000n\000n\000e\000c\000t\000i\000o\000n\000s}{}% 26
\BOOKMARK [2][-]{subsection.B.1}{\376\377\000D\000i\000s\000c\000o\000u\000n\000t\000\040\000F\000u\000n\000c\000t\000i\000o\000n}{appendix.B}% 27
\BOOKMARK [2][-]{subsection.B.2}{\376\377\000D\000e\000p\000a\000r\000t\000u\000r\000e\000s\000\040\000f\000r\000o\000m\000\040\000E\000c\000o\000n\000o\000m\000i\000c\000\040\000R\000a\000t\000i\000o\000n\000a\000l\000i\000t\000y}{appendix.B}% 28
\BOOKMARK [1][-]{appendix.C}{\376\377\000P\000r\000o\000m\000p\000t\000\040\000T\000e\000m\000p\000l\000a\000t\000e\000s}{}% 29
\BOOKMARK [2][-]{subsection.C.1}{\376\377\000I\000n\000t\000e\000r\000t\000e\000m\000p\000o\000r\000a\000l\000\040\000C\000h\000o\000i\000c\000e\000\040\000F\000o\000r\000m\000a\000t}{appendix.C}% 30
\BOOKMARK [2][-]{subsection.C.2}{\376\377\000C\000A\000A\000\040\000C\000o\000n\000t\000r\000a\000s\000t\000i\000v\000e\000\040\000P\000a\000i\000r\000s}{appendix.C}% 31
\BOOKMARK [1][-]{appendix.D}{\376\377\000O\000p\000e\000n\000-\000F\000o\000r\000m\000\040\000T\000e\000m\000p\000o\000r\000a\000l\000\040\000P\000r\000e\000f\000e\000r\000e\000n\000c\000e\000\040\000v\000i\000a\000\040\000E\000A\000P\000-\000I\000G}{}% 32
\BOOKMARK [2][-]{subsection.D.1}{\376\377\000P\000r\000o\000m\000p\000t\000\040\000F\000o\000r\000m\000a\000t}{appendix.D}% 33
\BOOKMARK [2][-]{subsection.D.2}{\376\377\000E\000A\000P\000-\000I\000G\000\040\000M\000e\000t\000h\000o\000d\000o\000l\000o\000g\000y}{appendix.D}% 34
\BOOKMARK [2][-]{subsection.D.3}{\376\377\000R\000e\000s\000u\000l\000t\000s\000:\000\040\000C\000o\000m\000p\000e\000t\000i\000n\000g\000\040\000C\000i\000r\000c\000u\000i\000t\000s}{appendix.D}% 35
\BOOKMARK [2][-]{subsection.D.4}{\376\377\000C\000r\000o\000s\000s\000-\000M\000o\000d\000e\000l\000\040\000C\000o\000n\000s\000i\000s\000t\000e\000n\000c\000y}{appendix.D}% 36
\BOOKMARK [2][-]{subsection.D.5}{\376\377\000S\000e\000l\000e\000c\000t\000i\000v\000i\000t\000y}{appendix.D}% 37
\BOOKMARK [2][-]{subsection.D.6}{\376\377\000B\000e\000h\000a\000v\000i\000o\000r\000a\000l\000\040\000R\000o\000b\000u\000s\000t\000n\000e\000s\000s}{appendix.D}% 38
\BOOKMARK [2][-]{subsection.D.7}{\376\377\000C\000o\000n\000v\000e\000r\000g\000e\000n\000c\000e\000\040\000w\000i\000t\000h\000\040\000I\000n\000t\000e\000r\000t\000e\000m\000p\000o\000r\000a\000l\000\040\000M\000e\000t\000h\000o\000d}{appendix.D}% 39
\BOOKMARK [1][-]{appendix.E}{\376\377\000D\000e\000t\000a\000i\000l\000e\000d\000\040\000I\000n\000t\000e\000r\000t\000e\000m\000p\000o\000r\000a\000l\000\040\000M\000e\000t\000h\000o\000d\000o\000l\000o\000g\000y}{}% 40
\BOOKMARK [2][-]{subsection.E.1}{\376\377\000D\000a\000t\000a\000s\000e\000t\000\040\000G\000e\000n\000e\000r\000a\000t\000i\000o\000n}{appendix.E}% 41
\BOOKMARK [3][-]{subsubsection.E.1.1}{\376\377\000P\000r\000o\000m\000p\000t\000\040\000T\000e\000m\000p\000l\000a\000t\000e\000\040\000S\000t\000r\000u\000c\000t\000u\000r\000e}{subsection.E.1}% 42
\BOOKMARK [3][-]{subsubsection.E.1.2}{\376\377\000O\000p\000t\000i\000o\000n\000\040\000G\000r\000i\000d\000\040\000G\000e\000n\000e\000r\000a\000t\000i\000o\000n}{subsection.E.1}% 43
\BOOKMARK [3][-]{subsubsection.E.1.3}{\376\377\000F\000o\000r\000m\000a\000t\000t\000i\000n\000g\000\040\000V\000a\000r\000i\000a\000t\000i\000o\000n\000s}{subsection.E.1}% 44
\BOOKMARK [2][-]{subsection.E.2}{\376\377\000C\000o\000n\000t\000r\000a\000s\000t\000i\000v\000e\000\040\000P\000a\000i\000r\000\040\000C\000o\000n\000s\000t\000r\000u\000c\000t\000i\000o\000n}{appendix.E}% 45
\BOOKMARK [3][-]{subsubsection.E.2.1}{\376\377\000P\000r\000e\000f\000e\000r\000e\000n\000c\000e\000\040\000S\000a\000m\000p\000l\000e\000\040\000G\000e\000n\000e\000r\000a\000t\000i\000o\000n}{subsection.E.2}% 46
\BOOKMARK [3][-]{subsubsection.E.2.2}{\376\377\000P\000a\000i\000r\000\040\000F\000o\000r\000m\000a\000t\000i\000o\000n}{subsection.E.2}% 47
\BOOKMARK [3][-]{subsubsection.E.2.3}{\376\377\000P\000o\000s\000i\000t\000i\000o\000n\000\040\000A\000l\000i\000g\000n\000m\000e\000n\000t}{subsection.E.2}% 48
\BOOKMARK [2][-]{subsection.E.3}{\376\377\000A\000c\000t\000i\000v\000a\000t\000i\000o\000n\000\040\000P\000a\000t\000c\000h\000i\000n\000g\000\040\000I\000m\000p\000l\000e\000m\000e\000n\000t\000a\000t\000i\000o\000n}{appendix.E}% 49
\BOOKMARK [3][-]{subsubsection.E.3.1}{\376\377\000P\000a\000t\000c\000h\000i\000n\000g\000\040\000M\000o\000d\000e\000s}{subsection.E.3}% 50
\BOOKMARK [3][-]{subsubsection.E.3.2}{\376\377\000C\000o\000m\000p\000o\000n\000e\000n\000t\000\040\000T\000a\000r\000g\000e\000t\000s}{subsection.E.3}% 51
\BOOKMARK [3][-]{subsubsection.E.3.3}{\376\377\000I\000n\000t\000e\000r\000v\000e\000n\000t\000i\000o\000n\000\040\000M\000e\000c\000h\000a\000n\000i\000s\000m}{subsection.E.3}% 52
\BOOKMARK [3][-]{subsubsection.E.3.4}{\376\377\000S\000w\000e\000e\000p\000\040\000T\000y\000p\000e\000s}{subsection.E.3}% 53
\BOOKMARK [2][-]{subsection.E.4}{\376\377\000M\000e\000t\000r\000i\000c\000s}{appendix.E}% 54
\BOOKMARK [3][-]{subsubsection.E.4.1}{\376\377\000R\000e\000c\000o\000v\000e\000r\000y\000\040\000a\000n\000d\000\040\000D\000i\000s\000r\000u\000p\000t\000i\000o\000n}{subsection.E.4}% 55
\BOOKMARK [3][-]{subsubsection.E.4.2}{\376\377\000R\000e\000d\000u\000n\000d\000a\000n\000c\000y\000\040\000G\000a\000p}{subsection.E.4}% 56
\BOOKMARK [3][-]{subsubsection.E.4.3}{\376\377\000F\000o\000r\000k\000\040\000M\000e\000t\000r\000i\000c\000s}{subsection.E.4}% 57
\BOOKMARK [3][-]{subsubsection.E.4.4}{\376\377\000M\000u\000l\000t\000i\000l\000a\000b\000e\000l\000\040\000A\000g\000g\000r\000e\000g\000a\000t\000i\000o\000n}{subsection.E.4}% 58
\BOOKMARK [2][-]{subsection.E.5}{\376\377\000G\000e\000o\000m\000e\000t\000r\000i\000c\000\040\000A\000n\000a\000l\000y\000s\000i\000s}{appendix.E}% 59
\BOOKMARK [3][-]{subsubsection.E.5.1}{\376\377\000A\000c\000t\000i\000v\000a\000t\000i\000o\000n\000\040\000C\000o\000l\000l\000e\000c\000t\000i\000o\000n}{subsection.E.5}% 60
\BOOKMARK [3][-]{subsubsection.E.5.2}{\376\377\000P\000C\000A\000\040\000M\000e\000t\000h\000o\000d\000o\000l\000o\000g\000y}{subsection.E.5}% 61
\BOOKMARK [3][-]{subsubsection.E.5.3}{\376\377\000L\000i\000n\000e\000a\000r\000\040\000P\000r\000o\000b\000e\000\040\000I\000m\000p\000l\000e\000m\000e\000n\000t\000a\000t\000i\000o\000n}{subsection.E.5}% 62
\BOOKMARK [3][-]{subsubsection.E.5.4}{\376\377\000D\000i\000r\000e\000c\000t\000i\000o\000n\000\040\000S\000t\000a\000b\000i\000l\000i\000t\000y\000\040\000A\000n\000a\000l\000y\000s\000i\000s}{subsection.E.5}% 63
\BOOKMARK [3][-]{subsubsection.E.5.5}{\376\377\000R\000o\000t\000a\000t\000i\000o\000n\000\040\000D\000e\000c\000o\000m\000p\000o\000s\000i\000t\000i\000o\000n}{subsection.E.5}% 64
\BOOKMARK [3][-]{subsubsection.E.5.6}{\376\377\000L\000o\000g\000i\000t\000\040\000L\000e\000n\000s}{subsection.E.5}% 65
\BOOKMARK [2][-]{subsection.E.6}{\376\377\000R\000e\000p\000r\000o\000d\000u\000c\000i\000b\000i\000l\000i\000t\000y}{appendix.E}% 66
\BOOKMARK [3][-]{subsubsection.E.6.1}{\376\377\000C\000a\000c\000h\000i\000n\000g\000\040\000S\000t\000r\000a\000t\000e\000g\000y}{subsection.E.6}% 67
\BOOKMARK [3][-]{subsubsection.E.6.2}{\376\377\000K\000e\000y\000\040\000P\000a\000r\000a\000m\000e\000t\000e\000r\000s}{subsection.E.6}% 68
\BOOKMARK [1][-]{appendix.F}{\376\377\000D\000e\000t\000a\000i\000l\000e\000d\000\040\000B\000e\000h\000a\000v\000i\000o\000r\000a\000l\000\040\000A\000n\000a\000l\000y\000s\000i\000s}{}% 69
\BOOKMARK [2][-]{subsection.F.1}{\376\377\000H\000o\000r\000i\000z\000o\000n\000\040\000S\000w\000e\000e\000p\000:\000\040\000I\000d\000e\000n\000t\000i\000f\000y\000i\000n\000g\000\040\000t\000h\000e\000\040\000D\000e\000c\000i\000s\000i\000o\000n\000\040\000B\000o\000u\000n\000d\000a\000r\000y}{appendix.F}% 70
\BOOKMARK [2][-]{subsection.F.2}{\376\377\000E\000x\000t\000e\000n\000d\000e\000d\000\040\000H\000o\000r\000i\000z\000o\000n\000\040\000A\000n\000a\000l\000y\000s\000i\000s}{appendix.F}% 71
\BOOKMARK [2][-]{subsection.F.3}{\376\377\000R\000e\000w\000a\000r\000d\000\040\000I\000n\000s\000e\000n\000s\000i\000t\000i\000v\000i\000t\000y}{appendix.F}% 72
\BOOKMARK [2][-]{subsection.F.4}{\376\377\000D\000e\000l\000i\000v\000e\000r\000y\000\040\000T\000i\000m\000e\000\040\000I\000n\000s\000e\000n\000s\000i\000t\000i\000v\000i\000t\000y}{appendix.F}% 73
\BOOKMARK [2][-]{subsection.F.5}{\376\377\000C\000r\000o\000s\000s\000-\000D\000a\000t\000a\000s\000e\000t\000\040\000C\000o\000n\000s\000i\000s\000t\000e\000n\000c\000y}{appendix.F}% 74
\BOOKMARK [2][-]{subsection.F.6}{\376\377\000C\000o\000n\000f\000i\000d\000e\000n\000c\000e\000\040\000a\000n\000d\000\040\000D\000e\000c\000i\000s\000i\000o\000n\000\040\000C\000e\000r\000t\000a\000i\000n\000t\000y}{appendix.F}% 75
\BOOKMARK [2][-]{subsection.F.7}{\376\377\000S\000u\000m\000m\000a\000r\000y\000\040\000o\000f\000\040\000B\000e\000h\000a\000v\000i\000o\000r\000a\000l\000\040\000F\000i\000n\000d\000i\000n\000g\000s}{appendix.F}% 76
