This is pdfTeX, Version 3.141592653-2.6-1.40.27 (TeX Live 2025) (preloaded format=pdflatex 2025.3.8)  23 MAR 2026 02:56
entering extended mode
 restricted \write18 enabled.
 %&-line parsing enabled.
**neurips_2026.tex
(./neurips_2026.tex
LaTeX2e <2024-11-01> patch level 2
L3 programming layer <2025-01-18>
(/usr/local/texlive/2025basic/texmf-dist/tex/latex/base/article.cls
Document Class: article 2024/06/29 v1.4n Standard LaTeX document class
(/usr/local/texlive/2025basic/texmf-dist/tex/latex/base/size10.clo
File: size10.clo 2024/06/29 v1.4n Standard LaTeX file (size option)
)
\c@part=\count196
\c@section=\count197
\c@subsection=\count198
\c@subsubsection=\count199
\c@paragraph=\count266
\c@subparagraph=\count267
\c@figure=\count268
\c@table=\count269
\abovecaptionskip=\skip49
\belowcaptionskip=\skip50
\bibindent=\dimen141
)
(./neurips_2026.sty
Package: neurips_2026 2026-01-29 NeurIPS 2026 submission/camera-ready style fil
e

(/usr/local/texlive/2025basic/texmf-dist/tex/latex/environ/environ.sty
Package: environ 2014/05/04 v0.3 A new way to define environments

(/usr/local/texlive/2025basic/texmf-dist/tex/latex/trimspaces/trimspaces.sty
Package: trimspaces 2009/09/17 v1.1 Trim spaces around a token list
)
\@envbody=\toks17
)
(/usr/local/texlive/2025basic/texmf-dist/tex/latex/natbib/natbib.sty
Package: natbib 2010/09/13 8.31b (PWD, AO)
\bibhang=\skip51
\bibsep=\skip52
LaTeX Info: Redefining \cite on input line 694.
\c@NAT@ctr=\count270
)
(/usr/local/texlive/2025basic/texmf-dist/tex/latex/geometry/geometry.sty
Package: geometry 2020/01/02 v5.9 Page Geometry

(/usr/local/texlive/2025basic/texmf-dist/tex/latex/graphics/keyval.sty
Package: keyval 2022/05/29 v1.15 key=value parser (DPC)
\KV@toks@=\toks18
)
(/usr/local/texlive/2025basic/texmf-dist/tex/generic/iftex/ifvtex.sty
Package: ifvtex 2019/10/25 v1.7 ifvtex legacy package. Use iftex instead.

(/usr/local/texlive/2025basic/texmf-dist/tex/generic/iftex/iftex.sty
Package: iftex 2024/12/12 v1.0g TeX engine tests
))
\Gm@cnth=\count271
\Gm@cntv=\count272
\c@Gm@tempcnt=\count273
\Gm@bindingoffset=\dimen142
\Gm@wd@mp=\dimen143
\Gm@odd@mp=\dimen144
\Gm@even@mp=\dimen145
\Gm@layoutwidth=\dimen146
\Gm@layoutheight=\dimen147
\Gm@layouthoffset=\dimen148
\Gm@layoutvoffset=\dimen149
\Gm@dimlist=\toks19
)
\@neuripsabovecaptionskip=\skip53
\@neuripsbelowcaptionskip=\skip54

(/usr/local/texlive/2025basic/texmf-dist/tex/latex/lineno/lineno.sty
Package: lineno 2025/01/29 line numbers on paragraphs v5.4

(/usr/local/texlive/2025basic/texmf-dist/tex/latex/etoolbox/etoolbox.sty
Package: etoolbox 2025/02/11 v2.5l e-TeX tools for LaTeX (JAW)
\etb@tempcnta=\count274
)
(/usr/local/texlive/2025basic/texmf-dist/tex/latex/kvoptions/kvoptions.sty
Package: kvoptions 2022-06-15 v3.15 Key value format for package options (HO)

(/usr/local/texlive/2025basic/texmf-dist/tex/generic/ltxcmds/ltxcmds.sty
Package: ltxcmds 2023-12-04 v1.26 LaTeX kernel commands for general use (HO)
)
(/usr/local/texlive/2025basic/texmf-dist/tex/latex/kvsetkeys/kvsetkeys.sty
Package: kvsetkeys 2022-10-05 v1.19 Key value parser (HO)
))
\linenopenalty=\count275
\output=\toks20
\linenoprevgraf=\count276
\linenumbersep=\dimen150
\linenumberwidth=\dimen151
\c@linenumber=\count277
\c@pagewiselinenumber=\count278
\c@LN@truepage=\count279
\c@internallinenumber=\count280
\c@internallinenumbers=\count281
\quotelinenumbersep=\dimen152
\bframerule=\dimen153
\bframesep=\dimen154
\bframebox=\box52
LaTeX Info: Redefining \\ on input line 3187.
))
(/usr/local/texlive/2025basic/texmf-dist/tex/latex/base/inputenc.sty
Package: inputenc 2024/02/08 v1.3d Input encoding file
\inpenc@prehook=\toks21
\inpenc@posthook=\toks22
)
(/usr/local/texlive/2025basic/texmf-dist/tex/latex/base/fontenc.sty
Package: fontenc 2021/04/29 v2.0v Standard LaTeX package
LaTeX Font Info:    Trying to load font information for T1+ptm on input line 11
6.

(/usr/local/texlive/2025basic/texmf-dist/tex/latex/psnfss/t1ptm.fd
File: t1ptm.fd 2001/06/04 font definitions for T1/ptm.
))
(/usr/local/texlive/2025basic/texmf-dist/tex/latex/hyperref/hyperref.sty
Package: hyperref 2024-11-05 v7.01l Hypertext links for LaTeX

(/usr/local/texlive/2025basic/texmf-dist/tex/generic/kvdefinekeys/kvdefinekeys.
sty
Package: kvdefinekeys 2019-12-19 v1.6 Define keys (HO)
)
(/usr/local/texlive/2025basic/texmf-dist/tex/generic/pdfescape/pdfescape.sty
Package: pdfescape 2019/12/09 v1.15 Implements pdfTeX's escape features (HO)

(/usr/local/texlive/2025basic/texmf-dist/tex/generic/pdftexcmds/pdftexcmds.sty
Package: pdftexcmds 2020-06-27 v0.33 Utility functions of pdfTeX for LuaTeX (HO
)

(/usr/local/texlive/2025basic/texmf-dist/tex/generic/infwarerr/infwarerr.sty
Package: infwarerr 2019/12/03 v1.5 Providing info/warning/error messages (HO)
)
Package pdftexcmds Info: \pdf@primitive is available.
Package pdftexcmds Info: \pdf@ifprimitive is available.
Package pdftexcmds Info: \pdfdraftmode found.
)) (/usr/local/texlive/2025basic/texmf-dist/tex/latex/hycolor/hycolor.sty
Package: hycolor 2020-01-27 v1.10 Color options for hyperref/bookmark (HO)
)
(/usr/local/texlive/2025basic/texmf-dist/tex/latex/hyperref/nameref.sty
Package: nameref 2023-11-26 v2.56 Cross-referencing by name of section

(/usr/local/texlive/2025basic/texmf-dist/tex/latex/refcount/refcount.sty
Package: refcount 2019/12/15 v3.6 Data extraction from label references (HO)
)
(/usr/local/texlive/2025basic/texmf-dist/tex/generic/gettitlestring/gettitlestr
ing.sty
Package: gettitlestring 2019/12/15 v1.6 Cleanup title references (HO)
)
\c@section@level=\count282
)
(/usr/local/texlive/2025basic/texmf-dist/tex/generic/stringenc/stringenc.sty
Package: stringenc 2019/11/29 v1.12 Convert strings between diff. encodings (HO
)
)
\@linkdim=\dimen155
\Hy@linkcounter=\count283
\Hy@pagecounter=\count284

(/usr/local/texlive/2025basic/texmf-dist/tex/latex/hyperref/pd1enc.def
File: pd1enc.def 2024-11-05 v7.01l Hyperref: PDFDocEncoding definition (HO)
Now handling font encoding PD1 ...
... no UTF-8 mapping file for font encoding PD1
)
(/usr/local/texlive/2025basic/texmf-dist/tex/generic/intcalc/intcalc.sty
Package: intcalc 2019/12/15 v1.3 Expandable calculations with integers (HO)
)
\Hy@SavedSpaceFactor=\count285

(/usr/local/texlive/2025basic/texmf-dist/tex/latex/hyperref/puenc.def
File: puenc.def 2024-11-05 v7.01l Hyperref: PDF Unicode definition (HO)
Now handling font encoding PU ...
... no UTF-8 mapping file for font encoding PU
)
Package hyperref Info: Hyper figures OFF on input line 4157.
Package hyperref Info: Link nesting OFF on input line 4162.
Package hyperref Info: Hyper index ON on input line 4165.
Package hyperref Info: Plain pages OFF on input line 4172.
Package hyperref Info: Backreferencing OFF on input line 4177.
Package hyperref Info: Implicit mode ON; LaTeX internals redefined.
Package hyperref Info: Bookmarks ON on input line 4424.
\c@Hy@tempcnt=\count286

(/usr/local/texlive/2025basic/texmf-dist/tex/latex/url/url.sty
\Urlmuskip=\muskip17
Package: url 2013/09/16  ver 3.4  Verb mode for urls, etc.
)
LaTeX Info: Redefining \url on input line 4763.
\XeTeXLinkMargin=\dimen156

(/usr/local/texlive/2025basic/texmf-dist/tex/generic/bitset/bitset.sty
Package: bitset 2019/12/09 v1.3 Handle bit-vector datatype (HO)

(/usr/local/texlive/2025basic/texmf-dist/tex/generic/bigintcalc/bigintcalc.sty
Package: bigintcalc 2019/12/15 v1.5 Expandable calculations on big integers (HO
)
))
\Fld@menulength=\count287
\Field@Width=\dimen157
\Fld@charsize=\dimen158
Package hyperref Info: Hyper figures OFF on input line 6042.
Package hyperref Info: Link nesting OFF on input line 6047.
Package hyperref Info: Hyper index ON on input line 6050.
Package hyperref Info: backreferencing OFF on input line 6057.
Package hyperref Info: Link coloring OFF on input line 6062.
Package hyperref Info: Link coloring with OCG OFF on input line 6067.
Package hyperref Info: PDF/A mode OFF on input line 6072.
 (/usr/local/texlive/2025basic/texmf-dist/tex/latex/base/atbegshi-ltx.sty
Package: atbegshi-ltx 2021/01/10 v1.0c Emulation of the original atbegshi
package with kernel methods
)
\Hy@abspage=\count288
\c@Item=\count289
\c@Hfootnote=\count290
)
Package hyperref Info: Driver (autodetected): hpdftex.

(/usr/local/texlive/2025basic/texmf-dist/tex/latex/hyperref/hpdftex.def
File: hpdftex.def 2024-11-05 v7.01l Hyperref driver for pdfTeX

(/usr/local/texlive/2025basic/texmf-dist/tex/latex/base/atveryend-ltx.sty
Package: atveryend-ltx 2020/08/19 v1.0a Emulation of the original atveryend pac
kage
with kernel methods
)
\Fld@listcount=\count291
\c@bookmark@seq@number=\count292

(/usr/local/texlive/2025basic/texmf-dist/tex/latex/rerunfilecheck/rerunfilechec
k.sty
Package: rerunfilecheck 2022-07-10 v1.10 Rerun checks for auxiliary files (HO)

(/usr/local/texlive/2025basic/texmf-dist/tex/generic/uniquecounter/uniquecounte
r.sty
Package: uniquecounter 2019/12/15 v1.4 Provide unlimited unique counter (HO)
)
Package uniquecounter Info: New unique counter `rerunfilecheck' on input line 2
85.
)
\Hy@SectionHShift=\skip55
)
(/usr/local/texlive/2025basic/texmf-dist/tex/latex/booktabs/booktabs.sty
Package: booktabs 2020/01/12 v1.61803398 Publication quality tables
\heavyrulewidth=\dimen159
\lightrulewidth=\dimen160
\cmidrulewidth=\dimen161
\belowrulesep=\dimen162
\belowbottomsep=\dimen163
\aboverulesep=\dimen164
\abovetopsep=\dimen165
\cmidrulesep=\dimen166
\cmidrulekern=\dimen167
\defaultaddspace=\dimen168
\@cmidla=\count293
\@cmidlb=\count294
\@aboverulesep=\dimen169
\@belowrulesep=\dimen170
\@thisruleclass=\count295
\@lastruleclass=\count296
\@thisrulewidth=\dimen171
)
(/usr/local/texlive/2025basic/texmf-dist/tex/latex/amsfonts/amsfonts.sty
Package: amsfonts 2013/01/14 v3.01 Basic AMSFonts support
\@emptytoks=\toks23
\symAMSa=\mathgroup4
\symAMSb=\mathgroup5
LaTeX Font Info:    Redeclaring math symbol \hbar on input line 98.
LaTeX Font Info:    Overwriting math alphabet `\mathfrak' in version `bold'
(Font)                  U/euf/m/n --> U/euf/b/n on input line 106.
)
(/usr/local/texlive/2025basic/texmf-dist/tex/latex/amsmath/amsmath.sty
Package: amsmath 2024/11/05 v2.17t AMS math features
\@mathmargin=\skip56

For additional information on amsmath, use the `?' option.
(/usr/local/texlive/2025basic/texmf-dist/tex/latex/amsmath/amstext.sty
Package: amstext 2021/08/26 v2.01 AMS text

(/usr/local/texlive/2025basic/texmf-dist/tex/latex/amsmath/amsgen.sty
File: amsgen.sty 1999/11/30 v2.0 generic functions
\@emptytoks=\toks24
\ex@=\dimen172
))
(/usr/local/texlive/2025basic/texmf-dist/tex/latex/amsmath/amsbsy.sty
Package: amsbsy 1999/11/29 v1.2d Bold Symbols
\pmbraise@=\dimen173
)
(/usr/local/texlive/2025basic/texmf-dist/tex/latex/amsmath/amsopn.sty
Package: amsopn 2022/04/08 v2.04 operator names
)
\inf@bad=\count297
LaTeX Info: Redefining \frac on input line 233.
\uproot@=\count298
\leftroot@=\count299
LaTeX Info: Redefining \overline on input line 398.
LaTeX Info: Redefining \colon on input line 409.
\classnum@=\count300
\DOTSCASE@=\count301
LaTeX Info: Redefining \ldots on input line 495.
LaTeX Info: Redefining \dots on input line 498.
LaTeX Info: Redefining \cdots on input line 619.
\Mathstrutbox@=\box53
\strutbox@=\box54
LaTeX Info: Redefining \big on input line 721.
LaTeX Info: Redefining \Big on input line 722.
LaTeX Info: Redefining \bigg on input line 723.
LaTeX Info: Redefining \Bigg on input line 724.
\big@size=\dimen174
LaTeX Font Info:    Redeclaring font encoding OML on input line 742.
LaTeX Font Info:    Redeclaring font encoding OMS on input line 743.
\macc@depth=\count302
LaTeX Info: Redefining \bmod on input line 904.
LaTeX Info: Redefining \pmod on input line 909.
LaTeX Info: Redefining \smash on input line 939.
LaTeX Info: Redefining \relbar on input line 969.
LaTeX Info: Redefining \Relbar on input line 970.
\c@MaxMatrixCols=\count303
\dotsspace@=\muskip18
\c@parentequation=\count304
\dspbrk@lvl=\count305
\tag@help=\toks25
\row@=\count306
\column@=\count307
\maxfields@=\count308
\andhelp@=\toks26
\eqnshift@=\dimen175
\alignsep@=\dimen176
\tagshift@=\dimen177
\tagwidth@=\dimen178
\totwidth@=\dimen179
\lineht@=\dimen180
\@envbody=\toks27
\multlinegap=\skip57
\multlinetaggap=\skip58
\mathdisplay@stack=\toks28
LaTeX Info: Redefining \[ on input line 2953.
LaTeX Info: Redefining \] on input line 2954.
)
\@LN@amsmath@ams@eqpen=\count309

(/usr/local/texlive/2025basic/texmf-dist/tex/latex/microtype/microtype.sty
Package: microtype 2025/02/11 v3.2a Micro-typographical refinements (RS)
\MT@toks=\toks29
\MT@tempbox=\box55
\MT@count=\count310
LaTeX Info: Redefining \noprotrusionifhmode on input line 1087.
LaTeX Info: Redefining \leftprotrusion on input line 1088.
\MT@prot@toks=\toks30
LaTeX Info: Redefining \rightprotrusion on input line 1107.
LaTeX Info: Redefining \textls on input line 1449.
\MT@outer@kern=\dimen181
LaTeX Info: Redefining \microtypecontext on input line 2053.
LaTeX Info: Redefining \textmicrotypecontext on input line 2070.
\MT@listname@count=\count311

(/usr/local/texlive/2025basic/texmf-dist/tex/latex/microtype/microtype-pdftex.d
ef
File: microtype-pdftex.def 2025/02/11 v3.2a Definitions specific to pdftex (RS)

LaTeX Info: Redefining \lsstyle on input line 944.
LaTeX Info: Redefining \lslig on input line 944.
\MT@outer@space=\skip59
)
Package microtype Info: Loading configuration file microtype.cfg.
 (/usr/local/texlive/2025basic/texmf-dist/tex/latex/microtype/microtype.cfg
File: microtype.cfg 2025/02/11 v3.2a microtype main configuration file (RS)
)
LaTeX Info: Redefining \microtypesetup on input line 3065.
) (/usr/local/texlive/2025basic/texmf-dist/tex/latex/xcolor/xcolor.sty
Package: xcolor 2024/09/29 v3.02 LaTeX color extensions (UK)

(/usr/local/texlive/2025basic/texmf-dist/tex/latex/graphics-cfg/color.cfg
File: color.cfg 2016/01/02 v1.6 sample color configuration
)
Package xcolor Info: Driver file: pdftex.def on input line 274.

(/usr/local/texlive/2025basic/texmf-dist/tex/latex/graphics-def/pdftex.def
File: pdftex.def 2024/04/13 v1.2c Graphics/color driver for pdftex
)
(/usr/local/texlive/2025basic/texmf-dist/tex/latex/graphics/mathcolor.ltx)
Package xcolor Info: Model `cmy' substituted by `cmy0' on input line 1349.
Package xcolor Info: Model `hsb' substituted by `rgb' on input line 1353.
Package xcolor Info: Model `RGB' extended on input line 1365.
Package xcolor Info: Model `HTML' substituted by `rgb' on input line 1367.
Package xcolor Info: Model `Hsb' substituted by `hsb' on input line 1368.
Package xcolor Info: Model `tHsb' substituted by `hsb' on input line 1369.
Package xcolor Info: Model `HSB' substituted by `hsb' on input line 1370.
Package xcolor Info: Model `Gray' substituted by `gray' on input line 1371.
Package xcolor Info: Model `wave' substituted by `hsb' on input line 1372.
)
(/usr/local/texlive/2025basic/texmf-dist/tex/latex/graphics/graphicx.sty
Package: graphicx 2021/09/16 v1.2d Enhanced LaTeX Graphics (DPC,SPQR)

(/usr/local/texlive/2025basic/texmf-dist/tex/latex/graphics/graphics.sty
Package: graphics 2024/08/06 v1.4g Standard LaTeX Graphics (DPC,SPQR)

(/usr/local/texlive/2025basic/texmf-dist/tex/latex/graphics/trig.sty
Package: trig 2023/12/02 v1.11 sin cos tan (DPC)
)
(/usr/local/texlive/2025basic/texmf-dist/tex/latex/graphics-cfg/graphics.cfg
File: graphics.cfg 2016/06/04 v1.11 sample graphics configuration
)
Package graphics Info: Driver file: pdftex.def on input line 106.
)
\Gin@req@height=\dimen182
\Gin@req@width=\dimen183
) (/usr/local/texlive/2025basic/texmf-dist/tex/latex/caption/subcaption.sty
Package: subcaption 2023/07/28 v1.6b Sub-captions (AR)

(/usr/local/texlive/2025basic/texmf-dist/tex/latex/caption/caption.sty
Package: caption 2023/08/05 v3.6o Customizing captions (AR)

(/usr/local/texlive/2025basic/texmf-dist/tex/latex/caption/caption3.sty
Package: caption3 2023/07/31 v2.4d caption3 kernel (AR)
\caption@tempdima=\dimen184
\captionmargin=\dimen185
\caption@leftmargin=\dimen186
\caption@rightmargin=\dimen187
\caption@width=\dimen188
\caption@indent=\dimen189
\caption@parindent=\dimen190
\caption@hangindent=\dimen191
Package caption Info: Standard document class detected.
)
\c@caption@flags=\count312
\c@continuedfloat=\count313
Package caption Info: hyperref package is loaded.
)
Package caption Info: New subtype `subfigure' on input line 238.
\c@subfigure=\count314
Package caption Info: New subtype `subtable' on input line 238.
\c@subtable=\count315
)
(/usr/local/texlive/2025basic/texmf-dist/tex/latex/l3backend/l3backend-pdftex.d
ef
File: l3backend-pdftex.def 2024-05-08 L3 backend support: PDF output (pdfTeX)
\l__color_backend_stack_int=\count316
\l__pdf_internal_box=\box56
) (./neurips_2026.aux)
\openout1 = `neurips_2026.aux'.

LaTeX Font Info:    Checking defaults for OML/cmm/m/it on input line 28.
LaTeX Font Info:    ... okay on input line 28.
LaTeX Font Info:    Checking defaults for OMS/cmsy/m/n on input line 28.
LaTeX Font Info:    ... okay on input line 28.
LaTeX Font Info:    Checking defaults for OT1/cmr/m/n on input line 28.
LaTeX Font Info:    ... okay on input line 28.
LaTeX Font Info:    Checking defaults for T1/cmr/m/n on input line 28.
LaTeX Font Info:    ... okay on input line 28.
LaTeX Font Info:    Checking defaults for TS1/cmr/m/n on input line 28.
LaTeX Font Info:    ... okay on input line 28.
LaTeX Font Info:    Checking defaults for OMX/cmex/m/n on input line 28.
LaTeX Font Info:    ... okay on input line 28.
LaTeX Font Info:    Checking defaults for U/cmr/m/n on input line 28.
LaTeX Font Info:    ... okay on input line 28.
LaTeX Font Info:    Checking defaults for PD1/pdf/m/n on input line 28.
LaTeX Font Info:    ... okay on input line 28.
LaTeX Font Info:    Checking defaults for PU/pdf/m/n on input line 28.
LaTeX Font Info:    ... okay on input line 28.

*geometry* driver: auto-detecting
*geometry* detected driver: pdftex
*geometry* verbose mode - [ preamble ] result:
* driver: pdftex
* paper: letterpaper
* layout: <same size as paper>
* layoutoffset:(h,v)=(0.0pt,0.0pt)
* modes: 
* h-part:(L,W,R)=(92.14519pt, 430.00462pt, 92.14519pt)
* v-part:(T,H,B)=(95.39737pt, 556.47656pt, 143.09605pt)
* \paperwidth=614.295pt
* \paperheight=794.96999pt
* \textwidth=430.00462pt
* \textheight=556.47656pt
* \oddsidemargin=19.8752pt
* \evensidemargin=19.8752pt
* \topmargin=-13.87262pt
* \headheight=12.0pt
* \headsep=25.0pt
* \topskip=10.0pt
* \footskip=30.0pt
* \marginparwidth=65.0pt
* \marginparsep=11.0pt
* \columnsep=10.0pt
* \skip\footins=9.0pt plus 4.0pt minus 2.0pt
* \hoffset=0.0pt
* \voffset=0.0pt
* \mag=1000
* \@twocolumnfalse
* \@twosidefalse
* \@mparswitchfalse
* \@reversemarginfalse
* (1in=72.27pt=25.4mm, 1cm=28.453pt)

*geometry* verbose mode - [ newgeometry ] result:
* driver: pdftex
* paper: letterpaper
* layout: <same size as paper>
* layoutoffset:(h,v)=(0.0pt,0.0pt)
* modes: 
* h-part:(L,W,R)=(108.405pt, 397.48499pt, 108.40501pt)
* v-part:(T,H,B)=(72.26999pt, 650.43pt, 72.27pt)
* \paperwidth=614.295pt
* \paperheight=794.96999pt
* \textwidth=397.48499pt
* \textheight=650.43pt
* \oddsidemargin=36.13501pt
* \evensidemargin=36.13501pt
* \topmargin=-37.0pt
* \headheight=12.0pt
* \headsep=25.0pt
* \topskip=10.0pt
* \footskip=30.0pt
* \marginparwidth=65.0pt
* \marginparsep=11.0pt
* \columnsep=10.0pt
* \skip\footins=9.0pt plus 4.0pt minus 2.0pt
* \hoffset=0.0pt
* \voffset=0.0pt
* \mag=1000
* \@twocolumnfalse
* \@twosidefalse
* \@mparswitchfalse
* \@reversemarginfalse
* (1in=72.27pt=25.4mm, 1cm=28.453pt)

Package hyperref Info: Link coloring OFF on input line 28.
(./neurips_2026.out) (./neurips_2026.out)
\@outlinefile=\write3
\openout3 = `neurips_2026.out'.

LaTeX Info: Redefining \microtypecontext on input line 28.
Package microtype Info: Applying patch `item' on input line 28.
Package microtype Info: Applying patch `toc' on input line 28.
Package microtype Info: Applying patch `eqnum' on input line 28.
Package microtype Info: Applying patch `footnote' on input line 28.
Package microtype Info: Applying patch `verbatim' on input line 28.
LaTeX Info: Redefining \microtypesetup on input line 28.
Package microtype Info: Generating PDF output.
Package microtype Info: Character protrusion enabled (level 2).
Package microtype Info: Using default protrusion set `alltext'.
Package microtype Info: Automatic font expansion enabled (level 2),
(microtype)             stretch: 20, shrink: 20, step: 1, non-selected.
Package microtype Info: Using default expansion set `alltext-nott'.
LaTeX Info: Redefining \showhyphens on input line 28.
Package microtype Info: No adjustment of tracking.
Package microtype Info: No adjustment of interword spacing.
Package microtype Info: No adjustment of character kerning.

(/usr/local/texlive/2025basic/texmf-dist/tex/latex/microtype/mt-ptm.cfg
File: mt-ptm.cfg 2006/04/20 v1.7 microtype config. file: Times (RS)
)
(/usr/local/texlive/2025basic/texmf-dist/tex/context/base/mkii/supp-pdf.mkii
[Loading MPS to PDF converter (version 2006.09.02).]
\scratchcounter=\count317
\scratchdimen=\dimen192
\scratchbox=\box57
\nofMPsegments=\count318
\nofMParguments=\count319
\everyMPshowfont=\toks31
\MPscratchCnt=\count320
\MPscratchDim=\dimen193
\MPnumerator=\count321
\makeMPintoPDFobject=\count322
\everyMPtoPDFconversion=\toks32
)
(/usr/local/texlive/2025basic/texmf-dist/tex/latex/epstopdf-pkg/epstopdf-base.s
ty
Package: epstopdf-base 2020-01-24 v2.11 Base part for package epstopdf
Package epstopdf-base Info: Redefining graphics rule for `.eps' on input line 4
85.

(/usr/local/texlive/2025basic/texmf-dist/tex/latex/latexconfig/epstopdf-sys.cfg
File: epstopdf-sys.cfg 2010/07/13 v1.3 Configuration of (r)epstopdf for TeX Liv
e
))
Package caption Info: Begin \AtBeginDocument code.
Package caption Info: End \AtBeginDocument code.
 (/usr/local/texlive/2025basic/texmf-dist/tex/latex/microtype/mt-cmr.cfg
File: mt-cmr.cfg 2013/05/19 v2.2 microtype config. file: Computer Modern Roman 
(RS)
)
LaTeX Font Info:    Trying to load font information for U+msa on input line 31.


(/usr/local/texlive/2025basic/texmf-dist/tex/latex/amsfonts/umsa.fd
File: umsa.fd 2013/01/14 v3.01 AMS symbols A
)
(/usr/local/texlive/2025basic/texmf-dist/tex/latex/microtype/mt-msa.cfg
File: mt-msa.cfg 2006/02/04 v1.1 microtype config. file: AMS symbols (a) (RS)
)
LaTeX Font Info:    Trying to load font information for U+msb on input line 31.


(/usr/local/texlive/2025basic/texmf-dist/tex/latex/amsfonts/umsb.fd
File: umsb.fd 2013/01/14 v3.01 AMS symbols B
)
(/usr/local/texlive/2025basic/texmf-dist/tex/latex/microtype/mt-msb.cfg
File: mt-msb.cfg 2005/06/01 v1.0 microtype config. file: AMS symbols (b) (RS)
)
Package microtype Info: Loading generic protrusion settings for font family
(microtype)             `cmtt' (encoding: T1).
(microtype)             For optimal results, create family-specific settings.
(microtype)             See the microtype manual for details.

Overfull \hbox (1.80757pt too wide) in paragraph at lines 33--34
\T1/ptm/m/n/10 (-20) in-for-ma-tion to make in-tertem-po-ral choices. Us-ing tw
o in-de-pen-dent methodologies---
 []

Package microtype Info: Loading generic protrusion settings for font family
(microtype)             `cmss' (encoding: T1).
(microtype)             For optimal results, create family-specific settings.
(microtype)             See the microtype manual for details.


[1


{/usr/local/texlive/2025basic/texmf-var/fonts/map/pdftex/updmap/pdftex.map}{/us
r/local/texlive/2025basic/texmf-dist/fonts/enc/dvips/base/8r.enc}]

[2]
<figures/tokenization.png, id=387, 1315.314pt x 985.7628pt>
File: figures/tokenization.png Graphic file (type png)
<use figures/tokenization.png>
Package pdftex.def Info: figures/tokenization.png  used on input line 70.
(pdftex.def)             Requested size: 397.48499pt x 297.8971pt.


[3 <./figures/tokenization.png>]
LaTeX Font Info:    Trying to load font information for TS1+ptm on input line 1
21.

(/usr/local/texlive/2025basic/texmf-dist/tex/latex/psnfss/ts1ptm.fd
File: ts1ptm.fd 2001/06/04 font definitions for TS1/ptm.
)

[4]
<figures/act/sweep_attn_out/layer_sweep/denoising/combined.png, id=406, 859.531
2pt x 217.2918pt>
File: figures/act/sweep_attn_out/layer_sweep/denoising/combined.png Graphic fil
e (type png)
<use figures/act/sweep_attn_out/layer_sweep/denoising/combined.png>
Package pdftex.def Info: figures/act/sweep_attn_out/layer_sweep/denoising/combi
ned.png  used on input line 128.
(pdftex.def)             Requested size: 190.79109pt x 48.23204pt.
<figures/act/sweep_mlp_out/layer_sweep/denoising/combined.png, id=407, 859.5312
pt x 217.2918pt>
File: figures/act/sweep_mlp_out/layer_sweep/denoising/combined.png Graphic file
 (type png)
<use figures/act/sweep_mlp_out/layer_sweep/denoising/combined.png>
Package pdftex.def Info: figures/act/sweep_mlp_out/layer_sweep/denoising/combin
ed.png  used on input line 133.
(pdftex.def)             Requested size: 190.79109pt x 48.23204pt.


LaTeX Warning: File `act/sweep_component_comparison/02_overview/layers_heatmap.
png' not found on input line 163.


! Package pdftex.def Error: File `act/sweep_component_comparison/02_overview/la
yers_heatmap.png' not found: using draft setting.

See the pdftex.def package documentation for explanation.
Type  H <return>  for immediate help.
 ...                                              
                                                  
l.163 ...omparison/02_overview/layers_heatmap.png}
                                                  
Try typing  <return>  to proceed.
If that doesn't work, type  X <return>  to quit.


LaTeX Warning: File `act/sweep_component_comparison/02_overview/position_heatma
p.png' not found on input line 168.


! Package pdftex.def Error: File `act/sweep_component_comparison/02_overview/po
sition_heatmap.png' not found: using draft setting.

See the pdftex.def package documentation for explanation.
Type  H <return>  for immediate help.
 ...                                              
                                                  
l.168 ...parison/02_overview/position_heatmap.png}
                                                  
Try typing  <return>  to proceed.
If that doesn't work, type  X <return>  to quit.

<figures/act/sweep_component_comparison/05_circuit_synthesis/information_flow_d
iagram.png, id=408, 1149.093pt x 860.013pt>
File: figures/act/sweep_component_comparison/05_circuit_synthesis/information_f
low_diagram.png Graphic file (type png)
<use figures/act/sweep_component_comparison/05_circuit_synthesis/information_fl
ow_diagram.png>
Package pdftex.def Info: figures/act/sweep_component_comparison/05_circuit_synt
hesis/information_flow_diagram.png  used on input line 177.
(pdftex.def)             Requested size: 357.73405pt x 267.74295pt.


[5 <./figures/act/sweep_attn_out/layer_sweep/denoising/combined.png> <./figures
/act/sweep_mlp_out/layer_sweep/denoising/combined.png>]
Overfull \hbox (5.02147pt too wide) in paragraph at lines 190--200
 [][] 
 []

<figures/att/mode_scatter_by_component.png, id=419, 1076.3412pt x 356.532pt>
File: figures/att/mode_scatter_by_component.png Graphic file (type png)
<use figures/att/mode_scatter_by_component.png>
Package pdftex.def Info: figures/att/mode_scatter_by_component.png  used on inp
ut line 209.
(pdftex.def)             Requested size: 190.79109pt x 63.19374pt.
<figures/att/top_scores_bar_denoising.png, id=420, 714.9912pt x 569.0058pt>
File: figures/att/top_scores_bar_denoising.png Graphic file (type png)
<use figures/att/top_scores_bar_denoising.png>
Package pdftex.def Info: figures/att/top_scores_bar_denoising.png  used on inpu
t line 214.
(pdftex.def)             Requested size: 190.79109pt x 151.83638pt.


[6 <./figures/act/sweep_component_comparison/05_circuit_synthesis/information_f
low_diagram.png>]
<figures/geo/scree_comparison.png, id=428, 722.7pt x 433.62pt>
File: figures/geo/scree_comparison.png Graphic file (type png)
<use figures/geo/scree_comparison.png>
Package pdftex.def Info: figures/geo/scree_comparison.png  used on input line 2
37.
(pdftex.def)             Requested size: 278.23827pt x 166.9409pt.
<figures/geo/timescale.png, id=429, 903.375pt x 702.625pt>
File: figures/geo/timescale.png Graphic file (type png)
<use figures/geo/timescale.png>
Package pdftex.def Info: figures/geo/timescale.png  used on input line 249.
(pdftex.def)             Requested size: 190.79109pt x 148.39185pt.
<figures/geo/choice_type.png, id=430, 578.16pt x 505.89pt>
File: figures/geo/choice_type.png Graphic file (type png)
<use figures/geo/choice_type.png>
Package pdftex.def Info: figures/geo/choice_type.png  used on input line 254.
(pdftex.def)             Requested size: 190.79109pt x 166.9365pt.


[7 <./figures/att/mode_scatter_by_component.png> <./figures/att/top_scores_bar_
denoising.png> <./figures/geo/scree_comparison.png>]
<figures/geo/decomp_3d_L24_Presponse.png, id=441, 1204.5pt x 903.375pt>
File: figures/geo/decomp_3d_L24_Presponse.png Graphic file (type png)
<use figures/geo/decomp_3d_L24_Presponse.png>
Package pdftex.def Info: figures/geo/decomp_3d_L24_Presponse.png  used on input
 line 270.
(pdftex.def)             Requested size: 190.79109pt x 143.0818pt.
<figures/geo/trajectory_mlp_out_Presponse.png, id=442, 867.24pt x 433.62pt>
File: figures/geo/trajectory_mlp_out_Presponse.png Graphic file (type png)
<use figures/geo/trajectory_mlp_out_Presponse.png>
Package pdftex.def Info: figures/geo/trajectory_mlp_out_Presponse.png  used on 
input line 275.
(pdftex.def)             Requested size: 190.79109pt x 95.39008pt.


[8 <./figures/geo/timescale.png> <./figures/geo/choice_type.png> <./figures/geo
/decomp_3d_L24_Presponse.png> <./figures/geo/trajectory_mlp_out_Presponse.png>]
<figures/diffmeans/cosine_trajectory_zoomed.png, id=453, 715.473pt x 354.123pt>

File: figures/diffmeans/cosine_trajectory_zoomed.png Graphic file (type png)
<use figures/diffmeans/cosine_trajectory_zoomed.png>
Package pdftex.def Info: figures/diffmeans/cosine_trajectory_zoomed.png  used o
n input line 297.
(pdftex.def)             Requested size: 190.79109pt x 94.43112pt.
<figures/geo/direction_alignment_response.png, id=454, 1445.4pt x 1156.32pt>
File: figures/geo/direction_alignment_response.png Graphic file (type png)
<use figures/geo/direction_alignment_response.png>
Package pdftex.def Info: figures/geo/direction_alignment_response.png  used on 
input line 302.
(pdftex.def)             Requested size: 190.79109pt x 152.62059pt.
<figures/diffmeans/component_norm_decomposition.png, id=455, 715.473pt x 354.12
3pt>
File: figures/diffmeans/component_norm_decomposition.png Graphic file (type png
)
<use figures/diffmeans/component_norm_decomposition.png>
Package pdftex.def Info: figures/diffmeans/component_norm_decomposition.png  us
ed on input line 311.
(pdftex.def)             Requested size: 278.23827pt x 137.71295pt.

Underfull \vbox (badness 1412) has occurred while \output is active []



[9 <./figures/diffmeans/cosine_trajectory_zoomed.png> <./figures/geo/direction_
alignment_response.png> <./figures/diffmeans/component_norm_decomposition.png>]


[10] (./neurips_2026.bbl

[11])
<figures/act/sweep_resid_post/position_sweep/denoising/combined.png, id=485, 85
9.5312pt x 217.2918pt>
File: figures/act/sweep_resid_post/position_sweep/denoising/combined.png Graphi
c file (type png)
<use figures/act/sweep_resid_post/position_sweep/denoising/combined.png>
Package pdftex.def Info: figures/act/sweep_resid_post/position_sweep/denoising/
combined.png  used on input line 387.
(pdftex.def)             Requested size: 190.79109pt x 48.23204pt.
<figures/act/sweep_resid_post/position_sweep/noising/combined.png, id=486, 859.
5312pt x 217.2918pt>
File: figures/act/sweep_resid_post/position_sweep/noising/combined.png Graphic 
file (type png)
<use figures/act/sweep_resid_post/position_sweep/noising/combined.png>
Package pdftex.def Info: figures/act/sweep_resid_post/position_sweep/noising/co
mbined.png  used on input line 392.
(pdftex.def)             Requested size: 190.79109pt x 48.23204pt.
<figures/att/layer_attribution_denoising_attn_out.png, id=487, 616.2222pt x 337
.7418pt>
File: figures/att/layer_attribution_denoising_attn_out.png Graphic file (type p
ng)
<use figures/att/layer_attribution_denoising_attn_out.png>
Package pdftex.def Info: figures/att/layer_attribution_denoising_attn_out.png  
used on input line 413.
(pdftex.def)             Requested size: 190.79109pt x 104.56488pt.
<figures/att/layer_attribution_noising_attn_out.png, id=488, 622.4856pt x 337.7
418pt>
File: figures/att/layer_attribution_noising_attn_out.png Graphic file (type png
)
<use figures/att/layer_attribution_noising_attn_out.png>
Package pdftex.def Info: figures/att/layer_attribution_noising_attn_out.png  us
ed on input line 418.
(pdftex.def)             Requested size: 190.79109pt x 103.51872pt.


[12 <./figures/act/sweep_resid_post/position_sweep/denoising/combined.png> <./f
igures/act/sweep_resid_post/position_sweep/noising/combined.png>]

[13 <./figures/att/layer_attribution_denoising_attn_out.png> <./figures/att/lay
er_attribution_noising_attn_out.png>]

[14]

[15]
Underfull \hbox (badness 10000) in paragraph at lines 590--591
[]\T1/cmtt/m/n/10 reward_range\T1/ptm/m/n/10 (+20) : $\OT1/cmr/m/n/10 [[]\OML/c
mm/m/it/10 ; []\OT1/cmr/m/n/10 ]$ \T1/ptm/m/n/10 (+20) re-ward val-ues (e.g., $
\OT1/cmr/m/n/10 [1000\OML/cmm/m/it/10 ; \OT1/cmr/m/n/10 2500]$ \T1/ptm/m/n/10 (
+20) for short-term,
 []



[16]

[17]

[18]
Underfull \hbox (badness 10000) in paragraph at lines 770--771
[]\T1/ptm/b/n/10 (+20) Source po-si-tions: \T1/cmtt/m/n/10 time_horizon\T1/ptm/
m/n/10 (+20) , \T1/cmtt/m/n/10 short_term_time\T1/ptm/m/n/10 (+20) , \T1/cmtt/m
/n/10 short_term_reward\T1/ptm/m/n/10 (+20) ,
 []



[19]

LaTeX Warning: `h' float specifier changed to `ht'.



[20]

LaTeX Warning: `h' float specifier changed to `ht'.


LaTeX Warning: `h' float specifier changed to `ht'.



[21]

[22]

[23] (./checklist.tex

[24]

[25]

[26]

[27]

[28]

[29])

[30] (./neurips_2026.aux)
 ***********
LaTeX2e <2024-11-01> patch level 2
L3 programming layer <2025-01-18>
 ***********
Package rerunfilecheck Info: File `neurips_2026.out' has not changed.
(rerunfilecheck)             Checksum: FBBFE6F1FA349E049E4CD069B0BC8D99;13508.
 ) 
Here is how much of TeX's memory you used:
 15696 strings out of 474662
 259406 string characters out of 5751110
 694811 words of memory out of 5000000
 38014 multiletter control sequences out of 15000+600000
 607720 words of font info for 271 fonts, out of 8000000 for 9000
 319 hyphenation exceptions out of 8191
 72i,10n,79p,1821b,785s stack positions out of 10000i,1000n,20000p,200000b,200000s
 </Users/unrulyabstractions/Library/texlive/2025basic/texmf-var/fonts/pk/ljfo
ur/jknappen/ec/ecss0800.450pk> </Users/unrulyabstractions/Library/texlive/2025b
asic/texmf-var/fonts/pk/ljfour/jknappen/ec/ectt1000.600pk></usr/local/texlive/2
025basic/texmf-dist/fonts/type1/public/amsfonts/cm/cmex10.pfb></usr/local/texli
ve/2025basic/texmf-dist/fonts/type1/public/amsfonts/cm/cmmi10.pfb></usr/local/t
exlive/2025basic/texmf-dist/fonts/type1/public/amsfonts/cm/cmmi7.pfb></usr/loca
l/texlive/2025basic/texmf-dist/fonts/type1/public/amsfonts/cm/cmmi9.pfb></usr/l
ocal/texlive/2025basic/texmf-dist/fonts/type1/public/amsfonts/cm/cmr10.pfb></us
r/local/texlive/2025basic/texmf-dist/fonts/type1/public/amsfonts/cm/cmr5.pfb></
usr/local/texlive/2025basic/texmf-dist/fonts/type1/public/amsfonts/cm/cmr7.pfb>
</usr/local/texlive/2025basic/texmf-dist/fonts/type1/public/amsfonts/cm/cmr9.pf
b></usr/local/texlive/2025basic/texmf-dist/fonts/type1/public/amsfonts/cm/cmsy1
0.pfb></usr/local/texlive/2025basic/texmf-dist/fonts/type1/public/amsfonts/cm/c
msy7.pfb></usr/local/texlive/2025basic/texmf-dist/fonts/type1/public/amsfonts/s
ymbols/msbm10.pfb></usr/local/texlive/2025basic/texmf-dist/fonts/type1/urw/time
s/utmb8a.pfb></usr/local/texlive/2025basic/texmf-dist/fonts/type1/urw/times/utm
r8a.pfb></usr/local/texlive/2025basic/texmf-dist/fonts/type1/urw/times/utmri8a.
pfb>
Output written on neurips_2026.pdf (30 pages, 2520037 bytes).
PDF statistics:
 845 PDF objects out of 1000 (max. 8388607)
 666 compressed objects within 7 object streams
 218 named destinations out of 1000 (max. 500000)
 52923 words of extra memory for PDF output out of 61914 (max. 10000000)

