nohup: ignoring input
2026-04-19 18:30:32,700 [INFO] Loading GPT-J-6B...
/venv/main/lib/python3.12/site-packages/transformers/tokenization_utils_base.py:1601: FutureWarning: `clean_up_tokenization_spaces` was not set. It will be set to `True` by default. This behavior will be depracted in transformers v4.45, and will be then set to `False` by default. For more details check this issue: https://github.com/huggingface/transformers/issues/31884
  warnings.warn(
2026-04-19 18:30:51,113 [WARNING] With reduced precision, it is advised to use `from_pretrained_no_processing` instead of `from_pretrained`.
Loaded pretrained model EleutherAI/gpt-j-6b into HookedTransformer
2026-04-19 18:31:08,872 [INFO] 100 sigs, 5 types, layer 14
2026-04-19 18:31:15,061 [INFO]   pos=0: 0.220
2026-04-19 18:31:21,494 [INFO]   pos=1: 0.220
2026-04-19 18:31:27,115 [INFO]   pos=2: 0.810
2026-04-19 18:31:32,647 [INFO]   pos=3: 0.800
2026-04-19 18:31:38,032 [INFO]   pos=5: 0.800
2026-04-19 18:31:43,399 [INFO]   pos=last: 0.940
2026-04-19 18:31:43,399 [INFO] 
=== 100-SIG FIXED POSITION (Layer 14) ===
2026-04-19 18:31:43,399 [INFO]   pos=0: 0.220
2026-04-19 18:31:43,399 [INFO]   pos=1: 0.220
2026-04-19 18:31:43,399 [INFO]   pos=2: 0.810
2026-04-19 18:31:43,399 [INFO]   pos=3: 0.800
2026-04-19 18:31:43,399 [INFO]   pos=5: 0.800
2026-04-19 18:31:43,399 [INFO]   pos=last: 0.940
2026-04-19 18:31:43,400 [INFO] 
Saved to results/lookahead/final/fix5_100sigs.json
2026-04-19 18:31:43,400 [INFO] DONE — FIX 5 100 SIGS
